<?xml version="1.0" encoding="UTF-8"?>
<testsuite name="com.dexcom.vacationsapi.VacationsApi1TedvgfApplicationTests" tests="1" skipped="0" failures="0" errors="0" timestamp="2024-07-09T19:47:17" hostname="Yantra.local" time="0.267">
  <properties/>
  <testcase name="contextLoads()" classname="com.dexcom.vacationsapi.VacationsApi1TedvgfApplicationTests" time="0.267"/>
  <system-out><![CDATA[13:47:14.837 [Test worker] INFO org.springframework.test.context.support.AnnotationConfigContextLoaderUtils -- Could not detect default configuration classes for test class [com.dexcom.vacationsapi.VacationsApi1TedvgfApplicationTests]: VacationsApi1TedvgfApplicationTests does not declare any static, non-private, non-final, nested classes annotated with @Configuration.
13:47:14.884 [Test worker] INFO org.springframework.boot.test.context.SpringBootTestContextBootstrapper -- Found @SpringBootConfiguration com.dexcom.vacationsapi.VacationsApi1TedvgfApplication for test class com.dexcom.vacationsapi.VacationsApi1TedvgfApplicationTests

  .   ____          _            __ _ _
 /\\ / ___'_ __ _ _(_)_ __  __ _ \ \ \ \
( ( )\___ | '_ | '_| | '_ \/ _` | \ \ \ \
 \\/  ___)| |_)| | | | | || (_| |  ) ) ) )
  '  |____| .__|_| |_|_| |_\__, | / / / /
 =========|_|==============|___/=/_/_/_/

 :: Spring Boot ::                (v3.3.1)

2024-07-09T13:47:15.053-06:00  INFO 92968 --- [vacations-api-1-tedvgf] [    Test worker] .d.v.VacationsApi1TedvgfApplicationTests : Starting VacationsApi1TedvgfApplicationTests using Java 17.0.10 with PID 92968 (started by teslaeinstein in /Users/teslaeinstein/Desktop/float_with_bagh_bon/mia/inventions/tech/interview_prep/2023/dexcom/take_home_assignment/vacations-api-1-tedvgf)
2024-07-09T13:47:15.054-06:00  INFO 92968 --- [vacations-api-1-tedvgf] [    Test worker] .d.v.VacationsApi1TedvgfApplicationTests : No active profile set, falling back to 1 default profile: "default"
2024-07-09T13:47:15.401-06:00  INFO 92968 --- [vacations-api-1-tedvgf] [    Test worker] .s.d.r.c.RepositoryConfigurationDelegate : Bootstrapping Spring Data JPA repositories in DEFAULT mode.
2024-07-09T13:47:15.425-06:00  INFO 92968 --- [vacations-api-1-tedvgf] [    Test worker] .s.d.r.c.RepositoryConfigurationDelegate : Finished Spring Data repository scanning in 20 ms. Found 2 JPA repository interfaces.
2024-07-09T13:47:15.593-06:00  INFO 92968 --- [vacations-api-1-tedvgf] [    Test worker] com.zaxxer.hikari.HikariDataSource       : HikariPool-1 - Starting...
2024-07-09T13:47:15.670-06:00  INFO 92968 --- [vacations-api-1-tedvgf] [    Test worker] com.zaxxer.hikari.pool.HikariPool        : HikariPool-1 - Added connection conn0: url=jdbc:h2:mem:testdb user=SA
2024-07-09T13:47:15.671-06:00  INFO 92968 --- [vacations-api-1-tedvgf] [    Test worker] com.zaxxer.hikari.HikariDataSource       : HikariPool-1 - Start completed.
2024-07-09T13:47:15.742-06:00  INFO 92968 --- [vacations-api-1-tedvgf] [    Test worker] o.hibernate.jpa.internal.util.LogHelper  : HHH000204: Processing PersistenceUnitInfo [name: default]
2024-07-09T13:47:15.763-06:00  INFO 92968 --- [vacations-api-1-tedvgf] [    Test worker] org.hibernate.Version                    : HHH000412: Hibernate ORM core version 6.5.2.Final
2024-07-09T13:47:15.778-06:00  INFO 92968 --- [vacations-api-1-tedvgf] [    Test worker] o.h.c.internal.RegionFactoryInitiator    : HHH000026: Second-level cache disabled
2024-07-09T13:47:15.907-06:00  INFO 92968 --- [vacations-api-1-tedvgf] [    Test worker] o.s.o.j.p.SpringPersistenceUnitInfo      : No LoadTimeWeaver setup: ignoring JPA class transformer
2024-07-09T13:47:15.926-06:00  WARN 92968 --- [vacations-api-1-tedvgf] [    Test worker] org.hibernate.orm.deprecation            : HHH90000025: H2Dialect does not need to be specified explicitly using 'hibernate.dialect' (remove the property setting and it will be selected by default)
2024-07-09T13:47:16.348-06:00  INFO 92968 --- [vacations-api-1-tedvgf] [    Test worker] o.h.e.t.j.p.i.JtaPlatformInitiator       : HHH000489: No JTA platform available (set 'hibernate.transaction.jta.platform' to enable JTA platform integration)
2024-07-09T13:47:16.350-06:00  INFO 92968 --- [vacations-api-1-tedvgf] [    Test worker] j.LocalContainerEntityManagerFactoryBean : Initialized JPA EntityManagerFactory for persistence unit 'default'
2024-07-09T13:47:16.506-06:00  INFO 92968 --- [vacations-api-1-tedvgf] [    Test worker] o.s.d.j.r.query.QueryEnhancerFactory     : Hibernate is in classpath; If applicable, HQL parser will be used.
2024-07-09T13:47:16.998-06:00  WARN 92968 --- [vacations-api-1-tedvgf] [    Test worker] JpaBaseConfiguration$JpaWebConfiguration : spring.jpa.open-in-view is enabled by default. Therefore, database queries may be performed during view rendering. Explicitly configure spring.jpa.open-in-view to disable this warning
2024-07-09T13:47:17.190-06:00  INFO 92968 --- [vacations-api-1-tedvgf] [    Test worker] o.s.b.a.h2.H2ConsoleAutoConfiguration    : H2 console available at '/h2-console'. Database available at 'jdbc:h2:mem:testdb'
2024-07-09T13:47:17.222-06:00  INFO 92968 --- [vacations-api-1-tedvgf] [    Test worker] .d.v.VacationsApi1TedvgfApplicationTests : Started VacationsApi1TedvgfApplicationTests in 2.276 seconds (process running for 2.792)
]]></system-out>
  <system-err><![CDATA[]]></system-err>
</testsuite>
